1676754173290	geckodriver	INFO	Listening on 127.0.0.1:26393
1676754175918	mozrunner::runner	INFO	Running command: "/root/EXTRAT/firefox-97.0.1/firefox/firefox" "--marionette" "--width=1366" "--height=768" "--remote-debugging-port" "29525" "--remote-allow-hosts" "localhost" "-no-remote" "-profile" "/tmp/rust_mozprofilen2dKqk"
ATTENTION: default value of option mesa_glthread overridden by environment.
ATTENTION: default value of option mesa_glthread overridden by environment.
ATTENTION: default value of option mesa_glthread overridden by environment.
ATTENTION: default value of option mesa_glthread overridden by environment.
1676754181784	Marionette	INFO	Marionette enabled
1676754181810	Marionette	INFO	Listening on port 7127
Read port: 7127
WebDriver BiDi listening on ws://localhost:29525
Read port: 7127
1676754184942	RemoteAgent	WARN	TLS certificate errors will be ignored for this session
console.error: SessionStore: "The session file is invalid: TypeError: state is null"
DevTools listening on ws://localhost:29525/devtools/browser/38fe4a59-7a75-483b-ad93-b8848b1fbd62
JavaScript warning: https://accounts.google.com/ServiceLogin?passive=1209600&osid=1&continue=https://shell.cloud.google.com/?cloudshell%3Dtrue%26show%3Dterminal&followup=https://shell.cloud.google.com/?cloudshell%3Dtrue%26show%3Dterminal line 2 > eval line 4846 > eval line 1 > eval line 1 > eval, line 1: WEBGL_debug_renderer_info is deprecated in Firefox and will be removed. Please use RENDERER.
console.error: (new TypeError("parent is null", "resource://devtools/client/inspector/shared/style-change-tracker.js", 67))
TypeError: parent is null: canMutationImpactCurrentStyles@resource://devtools/client/inspector/shared/style-change-tracker.js:67:24
onMutations@resource://devtools/client/inspector/shared/style-change-tracker.js:84:41
_emit@resource://devtools/shared/event-emitter.js:242:32
emit@resource://devtools/shared/event-emitter.js:186:18
emit@resource://devtools/shared/event-emitter.js:330:18
getMutations@resource://devtools/client/fronts/walker.js:312:10

console.error: (new TypeError("container.node.targetFront is null", "resource://devtools/client/inspector/markup/markup.js", 2320))
JavaScript warning: https://accounts.google.com/ServiceLogin?passive=1209600&osid=1&continue=https://shell.cloud.google.com/?cloudshell%3Dtrue%26show%3Dterminal&followup=https://shell.cloud.google.com/?cloudshell%3Dtrue%26show%3Dterminal line 2 > eval line 5503 > eval line 1 > eval line 1 > eval, line 1: WEBGL_debug_renderer_info is deprecated in Firefox and will be removed. Please use RENDERER.
JavaScript error: resource://gre/modules/AsyncShutdown.jsm, line 576: NotFoundError: No such JSWindowActor 'DevToolsFrame'
JavaScript error: resource://gre/modules/AsyncShutdown.jsm, line 576: NotFoundError: No such JSWindowActor 'DevToolsFrame'
JavaScript error: resource://gre/modules/AsyncShutdown.jsm, line 576: NotFoundError: No such JSWindowActor 'DevToolsFrame'
1676754586652	Marionette	INFO	Stopped listening on port 7127
1676754643723	geckodriver::marionette	ERROR	Failed to close browser connection: Socket not connected (os error 107)
