1671422511588	mozrunner::runner	INFO	Running command: "/root/EXTRAT/firefox-60.0.1esr/firefox/firefox" "-marionette" "--width=1366" "--height=768" "-foreground" "-no-remote" "-profile" "/tmp/rust_mozprofile5VMlaY"
1671422513531	addons.xpi	WARN	Not converting unknown addon type undefined
1671422513532	addons.xpi	WARN	Not converting unknown addon type undefined
1671422513532	addons.xpi	WARN	Not converting unknown addon type undefined
1671422513532	addons.xpi	WARN	Not converting unknown addon type undefined
1671422513532	addons.xpi	WARN	Not converting unknown addon type undefined
1671422513533	addons.xpi	WARN	Not converting unknown addon type undefined
1671422513533	addons.xpi	WARN	Not converting unknown addon type undefined
1671422513533	addons.xpi	WARN	Not converting unknown addon type undefined
1671422513534	addons.xpi	WARN	Not converting unknown addon type undefined
1671422513943	addons.webextension.screenshots@mozilla.org	WARN	Loading extension 'screenshots@mozilla.org': Reading manifest: Invalid extension permission: mozillaAddons
1671422513944	addons.webextension.screenshots@mozilla.org	WARN	Loading extension 'screenshots@mozilla.org': Reading manifest: Invalid extension permission: telemetry
1671422513944	addons.webextension.screenshots@mozilla.org	WARN	Loading extension 'screenshots@mozilla.org': Reading manifest: Invalid extension permission: resource://pdf.js/
1671422513945	addons.webextension.screenshots@mozilla.org	WARN	Loading extension 'screenshots@mozilla.org': Reading manifest: Invalid extension permission: about:reader*
1671422514168	addons.webextension.screenshots@mozilla.org	WARN	Loading extension 'screenshots@mozilla.org': Reading manifest: Invalid extension permission: mozillaAddons
1671422514168	addons.webextension.screenshots@mozilla.org	WARN	Loading extension 'screenshots@mozilla.org': Reading manifest: Invalid extension permission: telemetry
1671422514169	addons.webextension.screenshots@mozilla.org	WARN	Loading extension 'screenshots@mozilla.org': Reading manifest: Invalid extension permission: resource://pdf.js/
1671422514169	addons.webextension.screenshots@mozilla.org	WARN	Loading extension 'screenshots@mozilla.org': Reading manifest: Invalid extension permission: about:reader*
JavaScript error: resource:///modules/sessionstore/SessionStore.jsm, line 1325: uncaught exception: 2147746065
JavaScript error: undefined, line 14: Error: An unexpected error occurred
JavaScript error: moz-extension://010265db-596b-46bb-93c0-b783cdaa44b7/lib/picture_in_picture_overrides.js, line 15: Error: Incorrect argument types for pictureInPictureParent.setOverrides.
1671422524070	Marionette	INFO	Listening on port 24615
1671422524428	Marionette	WARN	TLS certificate errors will be ignored for this session
1671422529940	Marionette	WARN	TimedPromise timed out after 5000 ms: stacktrace:
bail@chrome://marionette/content/sync.js:237:64
