1675544758822	geckodriver	INFO	Listening on 127.0.0.1:15373
1675544763451	mozrunner::runner	INFO	Running command: "/usr/bin/firefox" "--marionette" "--remote-debugging-port" "28269" "--remote-allow-hosts" "localhost" "-no-remote" "-profile" "/tmp/rust_mozprofiles0h292"
ATTENTION: default value of option mesa_glthread overridden by environment.
ATTENTION: default value of option mesa_glthread overridden by environment.
ATTENTION: default value of option mesa_glthread overridden by environment.
ATTENTION: default value of option mesa_glthread overridden by environment.
1675544777780	Marionette	INFO	Marionette enabled
1675544777808	Marionette	INFO	Listening on port 25849
WebDriver BiDi listening on ws://localhost:28269
Read port: 25849
Read port: 25849
Read port: 25849
1675544780542	RemoteAgent	WARN	TLS certificate errors will be ignored for this session
console.error: Region.jsm: "Error fetching region" (new Error("TIMEOUT", "resource://gre/modules/Region.jsm", 767))
console.error: Region.jsm: "Failed to fetch region" (new Error("TIMEOUT", "resource://gre/modules/Region.jsm", 419))
console.warn: SearchSettings: "get: No settings file exists, new profile?" (new NotFoundError("Could not open the file at /tmp/rust_mozprofiles0h292/search.json.mozlz4", (void 0)))
Missing chrome or resource URL: resource://gre/modules/UpdateListener.jsm
Missing chrome or resource URL: resource://gre/modules/UpdateListener.sys.mjs
DevTools listening on ws://localhost:28269/devtools/browser/204a32dd-e74e-4e5e-81d4-49049b9b15ce
console.warn: LoginRecipes: "getRecipes: falling back to a synchronous message for:" "https://accounts.google.com"
JavaScript warning: https://accounts.google.com/v3/signin/identifier?dsh=S-117215109%3A1675544948448905&continue=https%3A%2F%2Fwww.google.com%2F%3Fgws_rd%3Dssl&ec=GAZAmgQ&hl=fr&passive=true&flowName=GlifWebSignIn&flowEntry=ServiceLogin&ifkv=AWnogHc7ovb9-Fvyeo9cCfKfupSwjXcx8IyVCqcVhkFFp-3m-tq7wjSSP5Qb4N3Ab0w6w3fxknIawQ line 322 > injectedScript line 2 > eval line 2589 > eval line 1 > eval line 1 > eval, line 1: WEBGL_debug_renderer_info is deprecated in Firefox and will be removed. Please use RENDERER.
console.warn: LoginRecipes: "getRecipes: falling back to a synchronous message for:" "https://accounts.google.com"
Missing chrome or resource URL: resource://gre/modules/UpdateListener.jsm
Missing chrome or resource URL: resource://gre/modules/UpdateListener.sys.mjs
console.error: "Error during quit-application-granted: [Exception... \"File error: Not found\"  nsresult: \"0x80520012 (NS_ERROR_FILE_NOT_FOUND)\"  location: \"JS frame :: resource:///modules/BrowserGlue.jsm :: _onQuitApplicationGranted/tasks< :: line 1996\"  data: no]"
1675544851696	Marionette	INFO	Stopped listening on port 25849
console.warn: TopSitesFeed: Failed to fetch data from Contile server: NetworkError when attempting to fetch resource.
1675544977297	geckodriver	INFO	Listening on 127.0.0.1:50803
1675544977906	mozrunner::runner	INFO	Running command: "/usr/bin/firefox" "--marionette" "--remote-debugging-port" "42859" "--remote-allow-hosts" "localhost" "-no-remote" "-profile" "/tmp/rust_mozprofile41bhlo"
ATTENTION: default value of option mesa_glthread overridden by environment.
ATTENTION: default value of option mesa_glthread overridden by environment.
ATTENTION: default value of option mesa_glthread overridden by environment.
ATTENTION: default value of option mesa_glthread overridden by environment.
1675544981682	Marionette	INFO	Marionette enabled
1675544981694	Marionette	INFO	Listening on port 13275
WebDriver BiDi listening on ws://localhost:42859
Read port: 13275
1675544982651	RemoteAgent	WARN	TLS certificate errors will be ignored for this session
console.warn: SearchSettings: "get: No settings file exists, new profile?" (new NotFoundError("Could not open the file at /tmp/rust_mozprofile41bhlo/search.json.mozlz4", (void 0)))
console.error: Region.jsm: "Error fetching region" (new AbortError("The operation was aborted. ", (void 0), 765))
console.error: Region.jsm: "Failed to fetch region" (new Error("NO_RESULT", "resource://gre/modules/Region.jsm", 419))
Missing chrome or resource URL: resource://gre/modules/UpdateListener.jsm
Missing chrome or resource URL: resource://gre/modules/UpdateListener.sys.mjs
DevTools listening on ws://localhost:42859/devtools/browser/f1c5c4b4-6387-461d-80be-2cf963af7370
1675545110635	geckodriver	INFO	Listening on 127.0.0.1:26969
1675545112282	mozrunner::runner	INFO	Running command: "/usr/bin/firefox" "--marionette" "--remote-debugging-port" "30805" "--remote-allow-hosts" "localhost" "-no-remote" "-profile" "/tmp/rust_mozprofileKa82tX"
ATTENTION: default value of option mesa_glthread overridden by environment.
ATTENTION: default value of option mesa_glthread overridden by environment.
ATTENTION: default value of option mesa_glthread overridden by environment.
ATTENTION: default value of option mesa_glthread overridden by environment.
1675545117151	Marionette	INFO	Marionette enabled
1675545117170	Marionette	INFO	Listening on port 25647
WebDriver BiDi listening on ws://localhost:30805
Read port: 25647
1675545118755	RemoteAgent	WARN	TLS certificate errors will be ignored for this session
console.error: Region.jsm: "Error fetching region" (new Error("TIMEOUT", "resource://gre/modules/Region.jsm", 767))
console.error: Region.jsm: "Failed to fetch region" (new Error("TIMEOUT", "resource://gre/modules/Region.jsm", 419))
console.warn: SearchSettings: "get: No settings file exists, new profile?" (new NotFoundError("Could not open the file at /tmp/rust_mozprofileKa82tX/search.json.mozlz4", (void 0)))
Missing chrome or resource URL: resource://gre/modules/UpdateListener.jsm
Missing chrome or resource URL: resource://gre/modules/UpdateListener.sys.mjs
DevTools listening on ws://localhost:30805/devtools/browser/9b1b7b2d-11b5-4893-9bf6-f88b22e8afc9
console.warn: LoginRecipes: "getRecipes: falling back to a synchronous message for:" "https://accounts.google.com"
console.warn: LoginRecipes: "getRecipes: falling back to a synchronous message for:" "https://accounts.google.com"
JavaScript warning: https://accounts.google.com/v3/signin/identifier?dsh=S-1760845989%3A1675545266004275&continue=https%3A%2F%2Fshell.cloud.google.com%2F%3Fshow%3Dide%2Cterminal&followup=https%3A%2F%2Fshell.cloud.google.com%2F%3Fshow%3Dide%2Cterminal&osid=1&passive=1209600&flowName=GlifWebSignIn&flowEntry=ServiceLogin&ifkv=AWnogHfGBataGBTzKQRv7VUi_F7zPIQaYd3YaZ_ahtUa524AqpzfGV40W0yyW15RvUXVR3zcZBgI line 322 > injectedScript line 2 > eval line 7473 > eval line 1 > eval line 1 > eval, line 1: WEBGL_debug_renderer_info is deprecated in Firefox and will be removed. Please use RENDERER.
JavaScript warning: https://accounts.google.com/v3/signin/identifier?dsh=S-1760845989%3A1675545266004275&continue=https%3A%2F%2Fshell.cloud.google.com%2F%3Fshow%3Dide%2Cterminal&followup=https%3A%2F%2Fshell.cloud.google.com%2F%3Fshow%3Dide%2Cterminal&osid=1&passive=1209600&flowName=GlifWebSignIn&flowEntry=ServiceLogin&ifkv=AWnogHfGBataGBTzKQRv7VUi_F7zPIQaYd3YaZ_ahtUa524AqpzfGV40W0yyW15RvUXVR3zcZBgI line 322 > injectedScript line 2 > eval line 7473 > eval line 1 > eval line 1 > eval, line 1: WEBGL_debug_renderer_info is deprecated in Firefox and will be removed. Please use RENDERER.
console.warn: LoginRecipes: "getRecipes: falling back to a synchronous message for:" "https://accounts.google.com"
Missing chrome or resource URL: resource://gre/modules/UpdateListener.jsm
Missing chrome or resource URL: resource://gre/modules/UpdateListener.sys.mjs
console.error: "Error during quit-application-granted: [Exception... \"File error: Not found\"  nsresult: \"0x80520012 (NS_ERROR_FILE_NOT_FOUND)\"  location: \"JS frame :: resource:///modules/BrowserGlue.jsm :: _onQuitApplicationGranted/tasks< :: line 1996\"  data: no]"
1675545239599	Marionette	INFO	Stopped listening on port 25647
console.warn: TopSitesFeed: Failed to fetch data from Contile server: NetworkError when attempting to fetch resource.
Missing chrome or resource URL: resource://gre/modules/UpdateListener.jsm
Missing chrome or resource URL: resource://gre/modules/UpdateListener.sys.mjs
console.error: "Error during quit-application-granted: [Exception... \"File error: Not found\"  nsresult: \"0x80520012 (NS_ERROR_FILE_NOT_FOUND)\"  location: \"JS frame :: resource:///modules/BrowserGlue.jsm :: _onQuitApplicationGranted/tasks< :: line 1996\"  data: no]"
1675545261497	Marionette	INFO	Stopped listening on port 13275
console.warn: services.settings: blocklists/addons-bloomfilters sync interrupted by shutdown
console.warn: services.settings: blocklists/gfx sync interrupted by shutdown
console.warn: services.settings: main/doh-config sync interrupted by shutdown
console.warn: services.settings: main/normandy-recipes-capabilities sync interrupted by shutdown
JavaScript error: resource://gre/modules/Sqlite.jsm, line 996: Error: Connection is not open.
