1668281579733	geckodriver	INFO	Listening on 127.0.0.1:48831
1668281580755	mozrunner::runner	INFO	Running command: "/root/EXTRAT/firefox-97.0.1/firefox/firefox" "--marionette" "--width=1366" "--height=768" "-no-remote" "-profile" "/tmp/rust_mozprofilej8pZ1w"
ATTENTION: default value of option mesa_glthread overridden by environment.
ATTENTION: default value of option mesa_glthread overridden by environment.
ATTENTION: default value of option mesa_glthread overridden by environment.
ATTENTION: default value of option mesa_glthread overridden by environment.
1668281582594	Marionette	INFO	Marionette enabled
1668281582606	Marionette	INFO	Listening on port 35431
Read port: 35431
1668281583455	RemoteAgent	WARN	TLS certificate errors will be ignored for this session
console.warn: SearchSettings: "get: No settings file exists, new profile?" (new NotFoundError("Could not open the file at /tmp/rust_mozprofilej8pZ1w/search.json.mozlz4", (void 0)))
console.warn: LoginRecipes: "Falling back to a synchronous message for: https://accounts.google.com."
JavaScript warning: https://accounts.google.com/v3/signin/identifier?dsh=S-1828164063%3A1668285177965933&continue=https%3A%2F%2Fconsole.cloud.google.com%2F&followup=https%3A%2F%2Fconsole.cloud.google.com%2F&osid=1&passive=1209600&service=cloudconsole&flowName=GlifWebSignIn&flowEntry=ServiceLogin&ifkv=ARgdvAsGXr_INd-mWvTBfkEwDEYLeltgx0ifFo8rEDHCTJvv5IM9-ilrF9agnsvs5q_WVwaT1UOLNg line 589 > injectedScript line 2 > eval line 1690 > eval line 1 > eval line 1 > eval, line 1: WEBGL_debug_renderer_info is deprecated in Firefox and will be removed. Please use RENDERER.
console.warn: LoginRecipes: "Falling back to a synchronous message for: https://accounts.google.com."
console.warn: LoginRecipes: "Falling back to a synchronous message for: https://accounts.google.com."
1668281622023	Marionette	WARN	Ignoring event 'DOMContentLoaded' because document has an invalid readyState of 'complete'.
JavaScript error: https://cloudshell.googleusercontent.com/editor/8fd48b6bfe230a39e42636b2dcea9c387f560528/bundle.js, line 2: SecurityError: The operation is insecure.
JavaScript error: https://cloudshell.googleusercontent.com/editor/8fd48b6bfe230a39e42636b2dcea9c387f560528/bundle.js, line 2: Error: schema is invalid: data.properties['tasks'].items.anyOf[1].properties['elements'].items.anyOf[1] should be object,boolean, data.properties['tasks'].items.anyOf[1].properties['elements'].items should be array, data.properties['tasks'].items.anyOf[1].properties['elements'].items should match some schema in anyOf, data.properties['tasks'].items should be array, data.properties['tasks'].items should match some schema in anyOf
1668285651682	geckodriver	INFO	Listening on 127.0.0.1:55915
1668285652709	mozrunner::runner	INFO	Running command: "/root/EXTRAT/firefox-97.0.1/firefox/firefox" "--marionette" "--width=1366" "--height=768" "-no-remote" "-profile" "/tmp/rust_mozprofileFJ0Plo"
ATTENTION: default value of option mesa_glthread overridden by environment.
ATTENTION: default value of option mesa_glthread overridden by environment.
ATTENTION: default value of option mesa_glthread overridden by environment.
ATTENTION: default value of option mesa_glthread overridden by environment.
1668285654243	Marionette	INFO	Marionette enabled
1668285654251	Marionette	INFO	Listening on port 29381
Read port: 29381
1668285655137	RemoteAgent	WARN	TLS certificate errors will be ignored for this session
console.warn: SearchSettings: "get: No settings file exists, new profile?" (new NotFoundError("Could not open the file at /tmp/rust_mozprofileFJ0Plo/search.json.mozlz4", (void 0)))
console.warn: LoginRecipes: "Falling back to a synchronous message for: https://accounts.google.com."
JavaScript warning: https://accounts.google.com/v3/signin/identifier?dsh=S-1744632493%3A1668289246738588&continue=https%3A%2F%2Fconsole.cloud.google.com%2F&followup=https%3A%2F%2Fconsole.cloud.google.com%2F&osid=1&passive=1209600&service=cloudconsole&flowName=GlifWebSignIn&flowEntry=ServiceLogin&ifkv=ARgdvAvBzNNIIuSPDtfQre6XYivfCusbFoaRfcuhUxNshbPhoVRBALdwWWaTceylWuyj5wKTSP3DaA line 589 > injectedScript line 2 > eval line 6861 > eval line 1 > eval line 1 > eval, line 1: WEBGL_debug_renderer_info is deprecated in Firefox and will be removed. Please use RENDERER.
console.warn: LoginRecipes: "Falling back to a synchronous message for: https://accounts.google.com."
console.warn: LoginRecipes: "Falling back to a synchronous message for: https://accounts.google.com."
1668285690526	Marionette	WARN	Ignoring event 'DOMContentLoaded' because document has an invalid readyState of 'complete'.
JavaScript error: https://cloudshell.googleusercontent.com/editor/8fd48b6bfe230a39e42636b2dcea9c387f560528/bundle.js, line 2: SecurityError: The operation is insecure.
JavaScript error: https://cloudshell.googleusercontent.com/editor/8fd48b6bfe230a39e42636b2dcea9c387f560528/bundle.js, line 2: Error: schema is invalid: data.properties['tasks'].items.anyOf[1].properties['elements'].items.anyOf[1] should be object,boolean, data.properties['tasks'].items.anyOf[1].properties['elements'].items should be array, data.properties['tasks'].items.anyOf[1].properties['elements'].items should match some schema in anyOf, data.properties['tasks'].items should be array, data.properties['tasks'].items should match some schema in anyOf
