1675364601390	geckodriver	INFO	Listening on 127.0.0.1:18973
1675364603161	mozrunner::runner	INFO	Running command: "/root/EXTRAT/firefox-97.0.1/firefox/firefox" "--marionette" "--width=1366" "--height=768" "--remote-debugging-port" "36567" "--remote-allow-hosts" "localhost" "-no-remote" "-profile" "/tmp/rust_mozprofilekjN38P"
1675364610779	Marionette	INFO	Marionette enabled
1675364610846	Marionette	INFO	Listening on port 27993
WebDriver BiDi listening on ws://localhost:36567
Read port: 27993
Read port: 27993
JavaScript error: resource://gre/modules/addons/XPIProvider.jsm, line 1924: Error: Cannot find loader for bootstrap
JavaScript error: resource://gre/modules/addons/XPIProvider.jsm, line 1924: Error: Cannot find loader for bootstrap
JavaScript error: resource://gre/modules/addons/XPIProvider.jsm, line 1924: Error: Cannot find loader for bootstrap
JavaScript error: resource://gre/modules/addons/XPIProvider.jsm, line 1924: Error: Cannot find loader for bootstrap
JavaScript error: resource://gre/modules/addons/XPIProvider.jsm, line 1924: Error: Cannot find loader for bootstrap
JavaScript error: resource://gre/modules/addons/XPIProvider.jsm, line 1924: Error: Cannot find loader for bootstrap
JavaScript error: resource://gre/modules/addons/XPIProvider.jsm, line 1924: Error: Cannot find loader for bootstrap
JavaScript error: resource://gre/modules/addons/XPIProvider.jsm, line 1924: Error: Cannot find loader for bootstrap
JavaScript error: resource://gre/modules/addons/XPIProvider.jsm, line 1924: Error: Cannot find loader for bootstrap
JavaScript error: resource://gre/modules/addons/XPIProvider.jsm, line 1924: Error: Cannot find loader for bootstrap
JavaScript error: resource://gre/modules/addons/XPIProvider.jsm, line 1924: Error: Cannot find loader for bootstrap
1675364612394	RemoteAgent	WARN	TLS certificate errors will be ignored for this session
console.error: SessionStore: "The session file is invalid: TypeError: state is null"
DevTools listening on ws://localhost:36567/devtools/browser/4ca0fba7-d089-4a11-9fb2-a0b118ed2b3a
1675364631105	Marionette	WARN	TimedPromise timed out after 5000 ms: stacktrace:
TimedPromise/<@chrome://remote/content/marionette/sync.js:236:24
TimedPromise@chrome://remote/content/marionette/sync.js:221:10
GeckoDriver.prototype.maximizeWindow@chrome://remote/content/marionette/driver.js:2497:11
JavaScript error: https://cloudshell.googleusercontent.com/editor/8fd48b6bfe230a39e42636b2dcea9c387f560528/bundle.js, line 2: Error: schema is invalid: data.properties['tasks'].items.anyOf[1].properties['elements'].items.anyOf[1] should be object,boolean, data.properties['tasks'].items.anyOf[1].properties['elements'].items should be array, data.properties['tasks'].items.anyOf[1].properties['elements'].items should match some schema in anyOf, data.properties['tasks'].items should be array, data.properties['tasks'].items should match some schema in anyOf
Exiting due to channel error.
Exiting due to channel error.
Exiting due to channel error.
Exiting due to channel error.
