1673373310996	geckodriver	INFO	Listening on 127.0.0.1:61379
1673373313556	mozrunner::runner	INFO	Running command: "/root/EXTRAT/firefox-97.0.1/firefox/firefox" "--marionette" "--width=1366" "--height=768" "-no-remote" "-profile" "/tmp/rust_mozprofilecZPQ2W"
1673373322405	Marionette	INFO	Marionette enabled
1673373322471	Marionette	INFO	Listening on port 12291
Read port: 12291
Read port: 12291
JavaScript error: resource://gre/modules/addons/XPIProvider.jsm, line 1924: Error: Cannot find loader for bootstrap
JavaScript error: resource://gre/modules/addons/XPIProvider.jsm, line 1924: Error: Cannot find loader for bootstrap
JavaScript error: resource://gre/modules/addons/XPIProvider.jsm, line 1924: Error: Cannot find loader for bootstrap
JavaScript error: resource://gre/modules/addons/XPIProvider.jsm, line 1924: Error: Cannot find loader for bootstrap
JavaScript error: resource://gre/modules/addons/XPIProvider.jsm, line 1924: Error: Cannot find loader for bootstrap
JavaScript error: resource://gre/modules/addons/XPIProvider.jsm, line 1924: Error: Cannot find loader for bootstrap
JavaScript error: resource://gre/modules/addons/XPIProvider.jsm, line 1924: Error: Cannot find loader for bootstrap
JavaScript error: resource://gre/modules/addons/XPIProvider.jsm, line 1924: Error: Cannot find loader for bootstrap
JavaScript error: resource://gre/modules/addons/XPIProvider.jsm, line 1924: Error: Cannot find loader for bootstrap
JavaScript error: resource://gre/modules/addons/XPIProvider.jsm, line 1924: Error: Cannot find loader for bootstrap
1673373324108	RemoteAgent	WARN	TLS certificate errors will be ignored for this session
console.error: SessionStore: "The session file is invalid: TypeError: state is null"
1673373340811	Marionette	WARN	TimedPromise timed out after 5000 ms: stacktrace:
TimedPromise/<@chrome://remote/content/marionette/sync.js:236:24
TimedPromise@chrome://remote/content/marionette/sync.js:221:10
GeckoDriver.prototype.maximizeWindow@chrome://remote/content/marionette/driver.js:2497:11
ATTENTION: default value of option mesa_glthread overridden by environment.
JavaScript warning: https://accounts.google.com/ServiceLogin?passive=1209600&osid=1&continue=https://shell.cloud.google.com/?cloudshell%3Dtrue%26show%3Dterminal&followup=https://shell.cloud.google.com/?cloudshell%3Dtrue%26show%3Dterminal line 2 > eval line 7211 > eval line 1 > eval line 1 > eval, line 1: WEBGL_debug_renderer_info is deprecated in Firefox and will be removed. Please use RENDERER.
